<?xml version="1.0" encoding="UTF-8"?>
<!-- Generated by org.testng.reporters.JUnitReportReporter -->
<testsuite hostname="WINCTRL-JQLLI9C" name="p1.Check" tests="1" failures="0" timestamp="11 May 2019 14:29:35 GMT" time="72.843" errors="0">
  <testcase name="test" time="72.843" classname="p1.Check"/>
</testsuite> <!-- p1.Check -->
